/mnt/hdd1tera/cds/XCELIUM1909/tools.lnx86/inca/bin/64bit/xmsim
Obtained 25 stack frames.
/mnt/hdd1tera/cds/XCELIUM1909/tools.lnx86/inca/bin/64bit/../../../lib/64bit/libcbreakpad.so(_Z13use_backtracev+0x9d) [0x7f760e867ae9]
/mnt/hdd1tera/cds/XCELIUM1909/tools.lnx86/inca/bin/64bit/../../../lib/64bit/libcbreakpad.so(cbpad_generate_dump_on_demand+0x66) [0x7f760e867e3c]
xmsim() [0x152b5a0]
xmsim(serror+0x95) [0x152cb35]
xmsim() [0x1161a6e]
xmsim() [0x137ff72]
xmsim() [0x1380476]
xmsim() [0xa1f062]
xmsim() [0xa16219]
xmsim() [0xb11461]
xmsim() [0x1081c2a]
xmsim() [0x108aa24]
xmsim() [0x10c86dc]
xmsim(sslu_traverse_scopes+0x567) [0xba5fb7]
xmsim() [0x10aabf3]
xmsim() [0x10ca2b2]
xmsim() [0x53c06c]
xmsim() [0x4b1a8d]
xmsim() [0xe921bc]
xmsim() [0xe90913]
xmsim() [0x15123f3]
/lib64/libc.so.6(+0x39c99) [0x7f760eadac99]
/lib64/libc.so.6(+0x39ce7) [0x7f760eadace7]
./test.so(gen_init_python+0xe5) [0x7f75ffd0deb5]
[0x4b18af9]
